number of training sentences: 6780
number of validation sentences: 472
number of dependency relations: 46
number of elements in vocabulary: 19752
number of unique answers: 409
batch_size 271
epoch: 0 batch: 0 cost: 99.6937990324 time: 22.3645601273
epoch: 0 batch: 1 cost: 95.1193304792 time: 23.2562789917
epoch: 0 batch: 2 cost: 90.2519926026 time: 31.9031469822
epoch: 0 batch: 3 cost: 89.7999643285 time: 24.081143856
epoch: 0 batch: 4 cost: 110.027780322 time: 23.1219990253
epoch: 0 batch: 5 cost: 117.417335353 time: 25.4307639599
epoch: 0 batch: 6 cost: 99.8061927796 time: 24.4677400589
epoch: 0 batch: 7 cost: 90.0481647724 time: 22.2030639648
epoch: 0 batch: 8 cost: 87.580345606 time: 24.018048048
epoch: 0 batch: 9 cost: 79.0474444949 time: 23.1273069382
epoch: 0 batch: 10 cost: 94.1207800998 time: 23.8162288666
epoch: 0 batch: 11 cost: 91.7706327276 time: 23.9093301296
epoch: 0 batch: 12 cost: 93.7532659612 time: 23.0387220383
epoch: 0 batch: 13 cost: 94.0052769987 time: 26.077475071
epoch: 0 batch: 14 cost: 98.1171264846 time: 24.0249950886
epoch: 0 batch: 15 cost: 83.1772194807 time: 26.1910369396
epoch: 0 batch: 16 cost: 90.576419433 time: 24.5021560192
epoch: 0 batch: 17 cost: 98.814870865 time: 25.4584448338
epoch: 0 batch: 18 cost: 101.919909467 time: 26.6514890194
epoch: 0 batch: 19 cost: 84.1834042012 time: 26.5058710575
epoch: 0 batch: 20 cost: 83.2530398298 time: 28.9926948547
epoch: 0 batch: 21 cost: 91.8844894858 time: 27.9088721275
epoch: 0 batch: 22 cost: 80.439897511 time: 20.5598990917
epoch: 0 batch: 23 cost: 98.8748451117 time: 19.5054700375
epoch: 0 batch: 24 cost: 88.0520879633 time: 21.1332468987
epoch: 0 batch: 25 cost: 153.814945146 time: 0.388564109802
done with epoch 0, epoch cost = 2485.55056054
(6780, 100)
(472, 100)
train acc = 0.375958702065, val acc = 0.122881355932
Micro Averaged:
0.122881355932
0.122881355932
0.122881355932
Macro Averaged:
0.0913592360021
0.0590791101129
0.0643593250753
epoch: 1 batch: 0 cost: 102.087137601 time: 22.1604981422
epoch: 1 batch: 1 cost: 81.9165414128 time: 23.9600749016
epoch: 1 batch: 2 cost: 73.8884105645 time: 25.3515789509
epoch: 1 batch: 3 cost: 63.83155933 time: 24.5191888809
epoch: 1 batch: 4 cost: 76.188742184 time: 22.7030420303
epoch: 1 batch: 5 cost: 80.411992356 time: 24.771643877
epoch: 1 batch: 6 cost: 65.7895331216 time: 25.0635418892
epoch: 1 batch: 7 cost: 64.8904941121 time: 22.3299260139
epoch: 1 batch: 8 cost: 74.9658356313 time: 24.2188529968
epoch: 1 batch: 9 cost: 71.151479542 time: 23.2953901291
epoch: 1 batch: 10 cost: 72.9754461124 time: 24.454144001
epoch: 1 batch: 11 cost: 75.1779147454 time: 23.7737839222
epoch: 1 batch: 12 cost: 75.9764462688 time: 22.9519710541
epoch: 1 batch: 13 cost: 66.4160056891 time: 25.931732893
epoch: 1 batch: 14 cost: 73.5861028942 time: 25.5197460651
epoch: 1 batch: 15 cost: 63.442605585 time: 26.5715899467
epoch: 1 batch: 16 cost: 64.9789032327 time: 23.1980338097
epoch: 1 batch: 17 cost: 74.672478306 time: 24.1535339355
epoch: 1 batch: 18 cost: 76.3199555883 time: 26.5420708656
epoch: 1 batch: 19 cost: 62.6953270357 time: 27.3817260265
epoch: 1 batch: 20 cost: 64.3287381353 time: 29.1526989937
epoch: 1 batch: 21 cost: 71.4898041199 time: 27.8111698627
epoch: 1 batch: 22 cost: 61.0854958112 time: 20.5806229115
epoch: 1 batch: 23 cost: 76.5888740895 time: 19.6883089542
epoch: 1 batch: 24 cost: 67.7479834283 time: 20.8740990162
epoch: 1 batch: 25 cost: 72.3168715661 time: 0.393880844116
done with epoch 1, epoch cost = 1874.92067846
epoch: 2 batch: 0 cost: 82.0684824544 time: 22.6516571045
epoch: 2 batch: 1 cost: 71.6461319026 time: 23.9537000656
epoch: 2 batch: 2 cost: 69.1169831918 time: 26.7382881641
epoch: 2 batch: 3 cost: 57.6623378263 time: 26.4037549496
epoch: 2 batch: 4 cost: 62.9123959058 time: 23.2571640015
epoch: 2 batch: 5 cost: 63.9056833077 time: 24.6112220287
epoch: 2 batch: 6 cost: 51.3125680113 time: 23.5075130463
epoch: 2 batch: 7 cost: 53.9580974891 time: 20.7789340019
epoch: 2 batch: 8 cost: 63.1558246784 time: 22.6170108318
epoch: 2 batch: 9 cost: 61.8897992381 time: 22.204406023
epoch: 2 batch: 10 cost: 63.7839703276 time: 22.9250400066
epoch: 2 batch: 11 cost: 67.7758044065 time: 22.514770031
epoch: 2 batch: 12 cost: 67.9387650149 time: 21.6104779243
epoch: 2 batch: 13 cost: 57.4582769705 time: 24.1482748985
epoch: 2 batch: 14 cost: 63.2697046823 time: 23.0403649807
epoch: 2 batch: 15 cost: 55.2534217431 time: 24.5171928406
epoch: 2 batch: 16 cost: 56.0675359689 time: 22.2872998714
epoch: 2 batch: 17 cost: 64.554130157 time: 23.3124570847
epoch: 2 batch: 18 cost: 63.6616594332 time: 25.3734531403
epoch: 2 batch: 19 cost: 54.3433200362 time: 25.4414548874
epoch: 2 batch: 20 cost: 55.8458821043 time: 27.7126948833
epoch: 2 batch: 21 cost: 61.9160203575 time: 26.1810891628
epoch: 2 batch: 22 cost: 51.7901382228 time: 19.5929939747
epoch: 2 batch: 23 cost: 63.6027275537 time: 18.6024429798
epoch: 2 batch: 24 cost: 57.3138819837 time: 19.8166220188
epoch: 2 batch: 25 cost: 31.3378448485 time: 0.394222021103
done with epoch 2, epoch cost = 1573.54138782
epoch: 3 batch: 0 cost: 70.210842881 time: 21.1408550739
epoch: 3 batch: 1 cost: 63.5818406433 time: 22.2868201733
epoch: 3 batch: 2 cost: 63.7395104991 time: 23.1370069981
epoch: 3 batch: 3 cost: 52.5563155778 time: 22.3553640842
epoch: 3 batch: 4 cost: 54.4290624513 time: 21.2557008266
epoch: 3 batch: 5 cost: 54.0607618205 time: 22.8352928162
epoch: 3 batch: 6 cost: 44.476495439 time: 24.04322505
epoch: 3 batch: 7 cost: 48.2498949632 time: 21.4383728504
epoch: 3 batch: 8 cost: 56.5361364925 time: 23.4281539917
epoch: 3 batch: 9 cost: 56.0027168334 time: 22.6952989101
epoch: 3 batch: 10 cost: 57.2231888702 time: 22.9493710995
epoch: 3 batch: 11 cost: 61.4235275623 time: 22.74888587
epoch: 3 batch: 12 cost: 61.2365467544 time: 21.6656770706
epoch: 3 batch: 13 cost: 50.9782667185 time: 24.1853380203
epoch: 3 batch: 14 cost: 56.4887889169 time: 23.0658438206
epoch: 3 batch: 15 cost: 49.90003241 time: 24.52003479
epoch: 3 batch: 16 cost: 49.6925468993 time: 22.3137321472
epoch: 3 batch: 17 cost: 58.1402815067 time: 23.2969250679
epoch: 3 batch: 18 cost: 56.314652364 time: 25.4516870975
epoch: 3 batch: 19 cost: 48.580954474 time: 25.4492661953
epoch: 3 batch: 20 cost: 49.6475959734 time: 27.6877028942
epoch: 3 batch: 21 cost: 55.179313393 time: 26.1753878593
epoch: 3 batch: 22 cost: 45.8295005233 time: 19.5049901009
epoch: 3 batch: 23 cost: 56.0858462034 time: 18.486538887
epoch: 3 batch: 24 cost: 49.8772839182 time: 19.7948439121
epoch: 3 batch: 25 cost: 15.3619687473 time: 0.386343002319
done with epoch 3, epoch cost = 1385.80387284
epoch: 4 batch: 0 cost: 63.1272389168 time: 21.1320340633
epoch: 4 batch: 1 cost: 49.1031120664 time: 22.2354090214
epoch: 4 batch: 2 cost: 49.8320653503 time: 23.1146521568
epoch: 4 batch: 3 cost: 43.9106264858 time: 22.2782590389
epoch: 4 batch: 4 cost: 64.3347587188 time: 21.187680006
epoch: 4 batch: 5 cost: 64.9898648816 time: 23.0610320568
epoch: 4 batch: 6 cost: 50.4777520689 time: 23.432890892
epoch: 4 batch: 7 cost: 51.573231091 time: 20.7680361271
epoch: 4 batch: 8 cost: 62.9714343005 time: 22.6977760792
epoch: 4 batch: 9 cost: 57.5139383271 time: 22.2860209942
epoch: 4 batch: 10 cost: 57.9667417685 time: 22.9472749233
epoch: 4 batch: 11 cost: 62.195605814 time: 22.5591220856
epoch: 4 batch: 12 cost: 59.9908146071 time: 21.6230208874
epoch: 4 batch: 13 cost: 54.0999140323 time: 24.1346428394
epoch: 4 batch: 14 cost: 59.0785946363 time: 22.9476099014
epoch: 4 batch: 15 cost: 52.0249869868 time: 24.4715950489
epoch: 4 batch: 16 cost: 53.0715781475 time: 22.2364931107
epoch: 4 batch: 17 cost: 62.0567557888 time: 23.2761950493
epoch: 4 batch: 18 cost: 58.6783794106 time: 25.4227199554
epoch: 4 batch: 19 cost: 51.6253657123 time: 25.5093851089
epoch: 4 batch: 20 cost: 50.8824686204 time: 27.7948799133
epoch: 4 batch: 21 cost: 56.0244660349 time: 26.1149230003
epoch: 4 batch: 22 cost: 46.7400113741 time: 19.4920051098
epoch: 4 batch: 23 cost: 59.7357379222 time: 18.4328789711
epoch: 4 batch: 24 cost: 52.9527973493 time: 19.7374811172
epoch: 4 batch: 25 cost: 75.121949572 time: 0.380748033524
done with epoch 4, epoch cost = 1470.08018998
epoch: 5 batch: 0 cost: 44.1189003252 time: 21.0109260082
epoch: 5 batch: 1 cost: 47.4172299491 time: 22.1517720222
epoch: 5 batch: 2 cost: 46.830083322 time: 23.0490698814
epoch: 5 batch: 3 cost: 38.3252895807 time: 22.3705000877
epoch: 5 batch: 4 cost: 44.8422438967 time: 21.1830358505
epoch: 5 batch: 5 cost: 48.6166930183 time: 23.0739388466
epoch: 5 batch: 6 cost: 39.2652540076 time: 23.4985120296
epoch: 5 batch: 7 cost: 42.8069766871 time: 20.7982730865
epoch: 5 batch: 8 cost: 50.2261129462 time: 22.6789009571
epoch: 5 batch: 9 cost: 50.2369912016 time: 22.2855010033
epoch: 5 batch: 10 cost: 47.4923318561 time: 23.0354738235
epoch: 5 batch: 11 cost: 51.9114524818 time: 22.5014638901
epoch: 5 batch: 12 cost: 51.5070265457 time: 21.6033089161
epoch: 5 batch: 13 cost: 43.4642603636 time: 24.2308871746
epoch: 5 batch: 14 cost: 47.9880394548 time: 23.0438959599
epoch: 5 batch: 15 cost: 42.6683911064 time: 24.5673041344
epoch: 5 batch: 16 cost: 42.5971708028 time: 22.3486549854
epoch: 5 batch: 17 cost: 49.9721254881 time: 23.4115519524
epoch: 5 batch: 18 cost: 46.9638841513 time: 25.4396269321
epoch: 5 batch: 19 cost: 42.170555266 time: 25.5954070091
epoch: 5 batch: 20 cost: 42.5562590317 time: 27.7134101391
epoch: 5 batch: 21 cost: 47.2350032208 time: 26.0708239079
epoch: 5 batch: 22 cost: 37.9372328643 time: 19.4694781303
epoch: 5 batch: 23 cost: 47.3901859915 time: 18.4257099628
epoch: 5 batch: 24 cost: 42.774865584 time: 19.7941639423
epoch: 5 batch: 25 cost: 23.8278099327 time: 0.39314198494
done with epoch 5, epoch cost = 1161.14236908
epoch: 6 batch: 0 cost: 42.651636323 time: 21.0726239681
epoch: 6 batch: 1 cost: 46.3455384306 time: 22.2298510075
epoch: 6 batch: 2 cost: 46.5507337623 time: 23.0858311653
epoch: 6 batch: 3 cost: 38.5563844118 time: 22.3156130314
epoch: 6 batch: 4 cost: 39.3441183959 time: 21.2326791286
epoch: 6 batch: 5 cost: 41.6086175251 time: 23.0499970913
epoch: 6 batch: 6 cost: 35.6445428509 time: 23.5194101334
epoch: 6 batch: 7 cost: 38.4941600681 time: 20.7461221218
epoch: 6 batch: 8 cost: 45.6133646639 time: 22.7087991238
epoch: 6 batch: 9 cost: 45.7219626156 time: 22.3185629845
epoch: 6 batch: 10 cost: 42.9588149293 time: 23.0448489189
epoch: 6 batch: 11 cost: 47.6363716672 time: 22.5708827972
epoch: 6 batch: 12 cost: 47.5716203036 time: 21.6330399513
epoch: 6 batch: 13 cost: 39.0925112722 time: 24.4367671013
epoch: 6 batch: 14 cost: 43.9060413268 time: 23.2039079666
epoch: 6 batch: 15 cost: 39.1035234449 time: 24.575056076
epoch: 6 batch: 16 cost: 38.6273177954 time: 22.3466558456
epoch: 6 batch: 17 cost: 45.6261939011 time: 23.2028448582
epoch: 6 batch: 18 cost: 42.4574928134 time: 25.3261790276
epoch: 6 batch: 19 cost: 38.4830958555 time: 25.5488700867
epoch: 6 batch: 20 cost: 39.1207251985 time: 27.736479044
epoch: 6 batch: 21 cost: 43.703770313 time: 26.0606389046
epoch: 6 batch: 22 cost: 34.9238089429 time: 19.480246067
epoch: 6 batch: 23 cost: 42.359254506 time: 18.4692621231
epoch: 6 batch: 24 cost: 38.6782282672 time: 19.7893719673
epoch: 6 batch: 25 cost: 14.4954883053 time: 0.385776042938
done with epoch 6, epoch cost = 1059.27531789
epoch: 7 batch: 0 cost: 41.2323652799 time: 21.0671401024
epoch: 7 batch: 1 cost: 36.3338611173 time: 22.2044429779
epoch: 7 batch: 2 cost: 37.5843563796 time: 23.1248500347
epoch: 7 batch: 3 cost: 34.8609968426 time: 22.3230800629
epoch: 7 batch: 4 cost: 51.2002375141 time: 21.2578399181
epoch: 7 batch: 5 cost: 51.1227719708 time: 23.1193940639
epoch: 7 batch: 6 cost: 39.0967977504 time: 23.5038199425
epoch: 7 batch: 7 cost: 41.124779649 time: 20.7216780186
epoch: 7 batch: 8 cost: 49.6032590273 time: 22.3220150471
epoch: 7 batch: 9 cost: 46.2569647466 time: 22.3825960159
epoch: 7 batch: 10 cost: 46.5278695067 time: 22.9755978584
epoch: 7 batch: 11 cost: 50.2590944059 time: 22.6234359741
epoch: 7 batch: 12 cost: 48.3824259393 time: 21.6216299534
epoch: 7 batch: 13 cost: 43.8596263252 time: 24.0963521004
epoch: 7 batch: 14 cost: 47.490934569 time: 22.9214570522
epoch: 7 batch: 15 cost: 43.2912379497 time: 24.5072999001
epoch: 7 batch: 16 cost: 43.0113104996 time: 22.3812789917
epoch: 7 batch: 17 cost: 50.8977906128 time: 23.2854728699
epoch: 7 batch: 18 cost: 46.5037111202 time: 25.3965668678
epoch: 7 batch: 19 cost: 42.2315362608 time: 25.5009069443
epoch: 7 batch: 20 cost: 42.7520741512 time: 27.6798942089
epoch: 7 batch: 21 cost: 46.2096344985 time: 26.1344890594
epoch: 7 batch: 22 cost: 37.9518790826 time: 19.4830870628
epoch: 7 batch: 23 cost: 48.5890122771 time: 18.4775619507
epoch: 7 batch: 24 cost: 43.2497126243 time: 19.7975070477
epoch: 7 batch: 25 cost: 59.3732757692 time: 0.387943983078
done with epoch 7, epoch cost = 1168.99751587
epoch: 8 batch: 0 cost: 31.4576426308 time: 21.0633330345
epoch: 8 batch: 1 cost: 38.0279706467 time: 22.2853548527
epoch: 8 batch: 2 cost: 38.6726393535 time: 23.0747418404
epoch: 8 batch: 3 cost: 32.9612839563 time: 22.3820738792
epoch: 8 batch: 4 cost: 35.6390649716 time: 21.3608841896
epoch: 8 batch: 5 cost: 41.4568857576 time: 23.1408610344
epoch: 8 batch: 6 cost: 35.3354817358 time: 23.4801111221
epoch: 8 batch: 7 cost: 36.9479230852 time: 20.9406750202
epoch: 8 batch: 8 cost: 44.954087739 time: 22.7132120132
epoch: 8 batch: 9 cost: 44.2601435964 time: 22.2395739555
epoch: 8 batch: 10 cost: 39.7541883023 time: 22.9022920132
epoch: 8 batch: 11 cost: 44.3662039241 time: 22.5372891426
epoch: 8 batch: 12 cost: 43.8498597537 time: 21.6397960186
epoch: 8 batch: 13 cost: 36.7843883132 time: 24.2390818596
epoch: 8 batch: 14 cost: 40.2302883363 time: 22.9657979012
epoch: 8 batch: 15 cost: 37.2838805106 time: 24.4891679287
epoch: 8 batch: 16 cost: 36.4374391581 time: 22.2699918747
epoch: 8 batch: 17 cost: 43.0446039376 time: 23.3078670502
epoch: 8 batch: 18 cost: 39.6243838045 time: 25.3927340508
epoch: 8 batch: 19 cost: 36.6398218654 time: 25.5066158772
epoch: 8 batch: 20 cost: 36.8654644527 time: 27.7490808964
epoch: 8 batch: 21 cost: 40.5349491704 time: 26.0929450989
epoch: 8 batch: 22 cost: 32.6110304226 time: 19.5298519135
epoch: 8 batch: 23 cost: 40.4815767106 time: 18.4276499748
epoch: 8 batch: 24 cost: 36.7575689501 time: 19.8026919365
epoch: 8 batch: 25 cost: 24.341206362 time: 0.387344121933
done with epoch 8, epoch cost = 989.319977447
epoch: 9 batch: 0 cost: 32.9828151446 time: 21.1215531826
epoch: 9 batch: 1 cost: 39.4505837131 time: 22.3142900467
epoch: 9 batch: 2 cost: 40.856822873 time: 23.1958830357
epoch: 9 batch: 3 cost: 34.8506880954 time: 22.4759290218
epoch: 9 batch: 4 cost: 33.0479776781 time: 21.2954239845
epoch: 9 batch: 5 cost: 35.8933264232 time: 22.9612979889
epoch: 9 batch: 6 cost: 31.7072349132 time: 23.4457318783
epoch: 9 batch: 7 cost: 34.094309044 time: 20.7804601192
epoch: 9 batch: 8 cost: 40.4736604933 time: 22.6673259735
epoch: 9 batch: 9 cost: 40.3310912421 time: 22.2891631126
epoch: 9 batch: 10 cost: 36.935135426 time: 22.9410700798
epoch: 9 batch: 11 cost: 41.4823909851 time: 22.5754680634
epoch: 9 batch: 12 cost: 41.2812254498 time: 21.597039938
epoch: 9 batch: 13 cost: 34.0826144493 time: 24.1685609818
epoch: 9 batch: 14 cost: 37.7460650161 time: 23.078938961
epoch: 9 batch: 15 cost: 34.6218569738 time: 24.5721018314
epoch: 9 batch: 16 cost: 33.8452300279 time: 22.3423697948
epoch: 9 batch: 17 cost: 39.8225901802 time: 23.2769742012
epoch: 9 batch: 18 cost: 36.6949722724 time: 25.3672440052
epoch: 9 batch: 19 cost: 33.9543422966 time: 25.5189888477
epoch: 9 batch: 20 cost: 34.7155941345 time: 27.748978138
epoch: 9 batch: 21 cost: 38.3997801242 time: 26.1942269802
epoch: 9 batch: 22 cost: 30.7399840411 time: 19.5686640739
epoch: 9 batch: 23 cost: 37.1749691135 time: 18.4620690346
epoch: 9 batch: 24 cost: 33.8965365482 time: 19.7877349854
epoch: 9 batch: 25 cost: 15.8894747383 time: 0.393445968628
done with epoch 9, epoch cost = 924.971271397
epoch: 10 batch: 0 cost: 33.1277214813 time: 21.1108629704
epoch: 10 batch: 1 cost: 29.1733305011 time: 22.0927097797
epoch: 10 batch: 2 cost: 31.1424894081 time: 22.9782629013
epoch: 10 batch: 3 cost: 29.7831517557 time: 22.3585908413
epoch: 10 batch: 4 cost: 40.2720608216 time: 21.259540081
epoch: 10 batch: 5 cost: 44.1806788642 time: 23.0416939259
epoch: 10 batch: 6 cost: 35.4974120251 time: 23.4047980309
epoch: 10 batch: 7 cost: 36.5754944446 time: 20.7632660866
epoch: 10 batch: 8 cost: 43.6361571631 time: 22.7234539986
epoch: 10 batch: 9 cost: 41.0633764022 time: 22.3160521984
epoch: 10 batch: 10 cost: 39.6883997011 time: 22.9414420128
epoch: 10 batch: 11 cost: 43.5687208382 time: 22.4928350449
epoch: 10 batch: 12 cost: 42.4296328893 time: 21.6010420322
epoch: 10 batch: 13 cost: 38.0042806978 time: 24.1861040592
epoch: 10 batch: 14 cost: 41.9367884689 time: 23.0329229832
epoch: 10 batch: 15 cost: 38.893222799 time: 24.6296510696
epoch: 10 batch: 16 cost: 38.0094351743 time: 22.2950291634
epoch: 10 batch: 17 cost: 45.1326771451 time: 23.3633458614
epoch: 10 batch: 18 cost: 40.8446548973 time: 25.5035951138
epoch: 10 batch: 19 cost: 37.2424780694 time: 25.5820319653
epoch: 10 batch: 20 cost: 37.8534903813 time: 27.8022792339
epoch: 10 batch: 21 cost: 40.6990240157 time: 26.0980579853
epoch: 10 batch: 22 cost: 33.6675239237 time: 19.4323179722
epoch: 10 batch: 23 cost: 43.5223439406 time: 18.2657248974
epoch: 10 batch: 24 cost: 38.2815744624 time: 19.7172939777
epoch: 10 batch: 25 cost: 59.5751514698 time: 0.384989023209
done with epoch 10, epoch cost = 1023.80127174
(6780, 100)
(472, 100)
train acc = 0.969764011799, val acc = 0.370762711864
Micro Averaged:
0.370762711864
0.370762711864
0.370762711864
Macro Averaged:
0.23170259565
0.13605109495
0.156044276683
epoch: 11 batch: 0 cost: 27.0908091216 time: 20.0852379799
epoch: 11 batch: 1 cost: 32.9615821937 time: 20.4772539139
epoch: 11 batch: 2 cost: 34.8954039131 time: 21.230713129
epoch: 11 batch: 3 cost: 30.6313518273 time: 20.5967359543
epoch: 11 batch: 4 cost: 33.5260532053 time: 19.5826990604
epoch: 11 batch: 5 cost: 36.7969409703 time: 21.2424039841
epoch: 11 batch: 6 cost: 31.6607625417 time: 21.7464821339
epoch: 11 batch: 7 cost: 33.318247196 time: 19.1655888557
epoch: 11 batch: 8 cost: 40.2755286571 time: 20.9239699841
epoch: 11 batch: 9 cost: 39.6146788748 time: 20.5279829502
epoch: 11 batch: 10 cost: 35.502500091 time: 21.1592409611
epoch: 11 batch: 11 cost: 39.9845835767 time: 20.7831809521
epoch: 11 batch: 12 cost: 39.2119523882 time: 19.8685719967
epoch: 11 batch: 13 cost: 33.2772464876 time: 22.3308479786
epoch: 11 batch: 14 cost: 35.858645411 time: 21.2088270187
epoch: 11 batch: 15 cost: 33.5552817323 time: 22.5592088699
epoch: 11 batch: 16 cost: 32.897053977 time: 20.4442842007
epoch: 11 batch: 17 cost: 39.0300881526 time: 21.4847588539
epoch: 11 batch: 18 cost: 36.0044840069 time: 23.3145000935
epoch: 11 batch: 19 cost: 33.2743539783 time: 23.4787769318
epoch: 11 batch: 20 cost: 33.7373463101 time: 25.5322039127
epoch: 11 batch: 21 cost: 37.0593629903 time: 24.0473089218
epoch: 11 batch: 22 cost: 30.0054856698 time: 17.9448740482
epoch: 11 batch: 23 cost: 36.9649682393 time: 16.9682159424
epoch: 11 batch: 24 cost: 33.9249806543 time: 18.2516069412
epoch: 11 batch: 25 cost: 24.55310632 time: 0.358341932297
done with epoch 11, epoch cost = 895.612798486
epoch: 12 batch: 0 cost: 28.8631512093 time: 19.3862600327
epoch: 12 batch: 1 cost: 35.2444622534 time: 20.4270858765
epoch: 12 batch: 2 cost: 36.7313900213 time: 21.246945858
epoch: 12 batch: 3 cost: 32.7856127344 time: 20.5973520279
epoch: 12 batch: 4 cost: 30.9058761066 time: 19.572040081
epoch: 12 batch: 5 cost: 32.6377673115 time: 21.2930920124
epoch: 12 batch: 6 cost: 28.9353773936 time: 21.6269180775
epoch: 12 batch: 7 cost: 31.3408482646 time: 19.1798200607
epoch: 12 batch: 8 cost: 37.1142264516 time: 20.8474941254
epoch: 12 batch: 9 cost: 36.9187111155 time: 20.5355730057
epoch: 12 batch: 10 cost: 33.407419366 time: 21.1272659302
epoch: 12 batch: 11 cost: 37.7352359143 time: 20.6954858303
epoch: 12 batch: 12 cost: 37.4168712159 time: 19.8701329231
epoch: 12 batch: 13 cost: 31.510081785 time: 22.2774498463
epoch: 12 batch: 14 cost: 33.9543712509 time: 21.2319989204
epoch: 12 batch: 15 cost: 31.5260454566 time: 22.558093071
epoch: 12 batch: 16 cost: 30.6721914902 time: 20.4945509434
epoch: 12 batch: 17 cost: 36.6106644181 time: 21.4687180519
epoch: 12 batch: 18 cost: 34.0523596739 time: 23.3665430546
epoch: 12 batch: 19 cost: 31.2113875535 time: 23.4895169735
epoch: 12 batch: 20 cost: 31.9601815813 time: 25.6123139858
epoch: 12 batch: 21 cost: 35.3428365203 time: 23.9746541977
epoch: 12 batch: 22 cost: 28.516983262 time: 17.9261109829
epoch: 12 batch: 23 cost: 34.2294229293 time: 16.9783601761
epoch: 12 batch: 24 cost: 31.7384276434 time: 18.2120709419
epoch: 12 batch: 25 cost: 17.2127970099 time: 0.354856967926
done with epoch 12, epoch cost = 848.574699932
epoch: 13 batch: 0 cost: 29.4687670589 time: 19.4343249798
epoch: 13 batch: 1 cost: 26.0241951635 time: 20.4335029125
epoch: 13 batch: 2 cost: 28.1249396956 time: 21.214703083
epoch: 13 batch: 3 cost: 27.4405752794 time: 20.6196951866
epoch: 13 batch: 4 cost: 35.8869944015 time: 19.5251219273
epoch: 13 batch: 5 cost: 39.0970056993 time: 21.2251210213
epoch: 13 batch: 6 cost: 32.404890584 time: 21.5417208672
epoch: 13 batch: 7 cost: 34.3549355265 time: 19.1461791992
epoch: 13 batch: 8 cost: 39.8434033347 time: 20.9108059406
epoch: 13 batch: 9 cost: 37.3011362446 time: 20.5001909733
epoch: 13 batch: 10 cost: 36.0497191857 time: 21.145387888
epoch: 13 batch: 11 cost: 39.9841964116 time: 20.7792649269
epoch: 13 batch: 12 cost: 37.9806489377 time: 19.9002549648
epoch: 13 batch: 13 cost: 34.3255408108 time: 22.350646019
epoch: 13 batch: 14 cost: 37.8112994156 time: 21.1296541691
epoch: 13 batch: 15 cost: 35.8470034854 time: 22.5697140694
epoch: 13 batch: 16 cost: 35.1546585162 time: 20.5276670456
epoch: 13 batch: 17 cost: 41.1482430469 time: 21.5298058987
epoch: 13 batch: 18 cost: 38.2949897002 time: 23.4049379826
epoch: 13 batch: 19 cost: 34.7244675285 time: 23.4899301529
epoch: 13 batch: 20 cost: 35.0277094509 time: 25.5469019413
epoch: 13 batch: 21 cost: 37.7159747539 time: 24.0111839771
epoch: 13 batch: 22 cost: 31.5377480806 time: 17.9546768665
epoch: 13 batch: 23 cost: 40.5450025462 time: 16.9734990597
epoch: 13 batch: 24 cost: 36.2364972364 time: 18.2363739014
epoch: 13 batch: 25 cost: 54.0528492582 time: 0.357921123505
done with epoch 13, epoch cost = 936.383391353
epoch: 14 batch: 0 cost: 25.4878801232 time: 19.4649012089
epoch: 14 batch: 1 cost: 30.0389475418 time: 20.4831359386
epoch: 14 batch: 2 cost: 32.9413662044 time: 21.2043919563
epoch: 14 batch: 3 cost: 29.2723540822 time: 20.6015560627
epoch: 14 batch: 4 cost: 30.3961317355 time: 19.5713508129
epoch: 14 batch: 5 cost: 33.16408037 time: 21.2892467976
epoch: 14 batch: 6 cost: 30.0476544837 time: 21.6131849289
epoch: 14 batch: 7 cost: 31.5327251507 time: 19.1292850971
epoch: 14 batch: 8 cost: 38.3324504374 time: 20.9655690193
epoch: 14 batch: 9 cost: 37.5811375894 time: 20.570155859
epoch: 14 batch: 10 cost: 33.3482136278 time: 21.2129869461
epoch: 14 batch: 11 cost: 37.7338078309 time: 20.7938950062
epoch: 14 batch: 12 cost: 37.3287705351 time: 19.8912928104
epoch: 14 batch: 13 cost: 31.30747213 time: 22.3249971867
epoch: 14 batch: 14 cost: 33.8050230976 time: 21.1944961548
epoch: 14 batch: 15 cost: 32.0920472906 time: 22.6053180695
epoch: 14 batch: 16 cost: 31.0242008353 time: 20.5231990814
epoch: 14 batch: 17 cost: 36.9282953245 time: 21.5378949642
epoch: 14 batch: 18 cost: 34.1489645795 time: 23.3877470493
epoch: 14 batch: 19 cost: 31.679772218 time: 23.5098388195
epoch: 14 batch: 20 cost: 31.8513007075 time: 25.5973379612
epoch: 14 batch: 21 cost: 34.9161039325 time: 24.0816628933
epoch: 14 batch: 22 cost: 28.2504187152 time: 17.9173648357
epoch: 14 batch: 23 cost: 34.4887035218 time: 16.9742598534
epoch: 14 batch: 24 cost: 31.9579722036 time: 18.2267048359
epoch: 14 batch: 25 cost: 22.8912761221 time: 0.360524892807
done with epoch 14, epoch cost = 842.54707039
epoch: 15 batch: 0 cost: 27.0734561773 time: 19.4585089684
epoch: 15 batch: 1 cost: 33.1642171799 time: 20.5023801327
epoch: 15 batch: 2 cost: 35.17393479 time: 21.2114880085
epoch: 15 batch: 3 cost: 31.7376938025 time: 20.6818671227
epoch: 15 batch: 4 cost: 29.1962348016 time: 19.5582561493
epoch: 15 batch: 5 cost: 30.1124194231 time: 21.2550859451
epoch: 15 batch: 6 cost: 27.5136252687 time: 21.6102061272
epoch: 15 batch: 7 cost: 29.5631555753 time: 19.1661009789
epoch: 15 batch: 8 cost: 34.2623573668 time: 20.9050581455
epoch: 15 batch: 9 cost: 34.3534043688 time: 20.581761837
epoch: 15 batch: 10 cost: 31.1686457925 time: 21.1560091972
epoch: 15 batch: 11 cost: 35.6306195151 time: 20.8107938766
epoch: 15 batch: 12 cost: 35.2211020915 time: 19.884526968
epoch: 15 batch: 13 cost: 29.6501378053 time: 22.3062181473
epoch: 15 batch: 14 cost: 31.9514272869 time: 21.185708046
epoch: 15 batch: 15 cost: 29.8179125998 time: 22.6392400265
epoch: 15 batch: 16 cost: 28.9092069976 time: 20.525993824
epoch: 15 batch: 17 cost: 34.4811410433 time: 21.5076599121
epoch: 15 batch: 18 cost: 32.2142351053 time: 23.381677866
epoch: 15 batch: 19 cost: 29.8803381282 time: 23.4607450962
epoch: 15 batch: 20 cost: 30.4248734363 time: 25.567180872
epoch: 15 batch: 21 cost: 33.7814643834 time: 24.0444500446
epoch: 15 batch: 22 cost: 27.0489771181 time: 17.9882369041
epoch: 15 batch: 23 cost: 32.2875423554 time: 16.9736361504
epoch: 15 batch: 24 cost: 30.2047773632 time: 18.2470371723
epoch: 15 batch: 25 cost: 16.1781057527 time: 0.35412311554
done with epoch 15, epoch cost = 801.001005529
epoch: 16 batch: 0 cost: 27.3840430631 time: 19.4538807869
epoch: 16 batch: 1 cost: 25.0854111426 time: 20.4466750622
epoch: 16 batch: 2 cost: 26.2389639879 time: 21.2492439747
epoch: 16 batch: 3 cost: 25.2909929543 time: 20.6179428101
epoch: 16 batch: 4 cost: 31.9463260194 time: 19.5842909813
epoch: 16 batch: 5 cost: 35.3333731226 time: 21.2426879406
epoch: 16 batch: 6 cost: 29.4537826314 time: 21.5397799015
epoch: 16 batch: 7 cost: 32.242651343 time: 19.1660590172
epoch: 16 batch: 8 cost: 37.8753660907 time: 20.9476549625
epoch: 16 batch: 9 cost: 36.0301009469 time: 20.5419490337
epoch: 16 batch: 10 cost: 34.5994436952 time: 21.1196341515
epoch: 16 batch: 11 cost: 38.7126788837 time: 20.2793471813
epoch: 16 batch: 12 cost: 36.8629616216 time: 19.9162070751
epoch: 16 batch: 13 cost: 32.4445877654 time: 22.3042480946
epoch: 16 batch: 14 cost: 35.2263970571 time: 19.9361629486
epoch: 16 batch: 15 cost: 34.1805771456 time: 20.1864380836
epoch: 16 batch: 16 cost: 32.9093158536 time: 18.3082401752
epoch: 16 batch: 17 cost: 38.8509253848 time: 19.2319791317
epoch: 16 batch: 18 cost: 35.8796222052 time: 20.9830389023
epoch: 16 batch: 19 cost: 32.6588101385 time: 21.0035479069
epoch: 16 batch: 20 cost: 32.9381826216 time: 22.9037418365
epoch: 16 batch: 21 cost: 35.8096475849 time: 21.4785351753
epoch: 16 batch: 22 cost: 29.7178148693 time: 15.9430110455
epoch: 16 batch: 23 cost: 37.8608502811 time: 15.0818600655
epoch: 16 batch: 24 cost: 34.7399031041 time: 16.226954937
epoch: 16 batch: 25 cost: 50.4276523257 time: 0.319239139557
done with epoch 16, epoch cost = 880.700381839
epoch: 17 batch: 0 cost: 25.0407726064 time: 17.3454248905
epoch: 17 batch: 1 cost: 28.3015740883 time: 18.2927291393
epoch: 17 batch: 2 cost: 31.8526246597 time: 18.891256094
epoch: 17 batch: 3 cost: 28.163204994 time: 18.345664978
epoch: 17 batch: 4 cost: 29.3105317817 time: 17.4275720119
epoch: 17 batch: 5 cost: 30.9995744612 time: 19.0508458614
epoch: 17 batch: 6 cost: 27.8155324135 time: 19.219025135
epoch: 17 batch: 7 cost: 29.7560495726 time: 17.1571199894
epoch: 17 batch: 8 cost: 35.9981577134 time: 18.6795120239
epoch: 17 batch: 9 cost: 35.5686960118 time: 18.3423688412
epoch: 17 batch: 10 cost: 31.5604386271 time: 18.7929639816
epoch: 17 batch: 11 cost: 36.1773834284 time: 18.4898650646
epoch: 17 batch: 12 cost: 35.4349250295 time: 17.6689519882
epoch: 17 batch: 13 cost: 29.8110396754 time: 19.872107029
epoch: 17 batch: 14 cost: 31.5894015419 time: 18.8792080879
epoch: 17 batch: 15 cost: 30.0240934908 time: 20.2000911236
epoch: 17 batch: 16 cost: 29.2802529725 time: 18.2799210548
epoch: 17 batch: 17 cost: 34.5828360157 time: 19.150135994
epoch: 17 batch: 18 cost: 32.1511667518 time: 20.9389908314
epoch: 17 batch: 19 cost: 29.8748907606 time: 20.8897638321
epoch: 17 batch: 20 cost: 30.3021985387 time: 22.8694579601
epoch: 17 batch: 21 cost: 33.3090436333 time: 21.4223620892
epoch: 17 batch: 22 cost: 27.1638168483 time: 15.9673070908
epoch: 17 batch: 23 cost: 32.6340574975 time: 15.0536301136
epoch: 17 batch: 24 cost: 30.9358934173 time: 16.2085311413
epoch: 17 batch: 25 cost: 22.7138273668 time: 0.318995952606
done with epoch 17, epoch cost = 800.351983898
epoch: 18 batch: 0 cost: 25.6600501119 time: 17.3559877872
epoch: 18 batch: 1 cost: 30.8209996277 time: 18.275539875
epoch: 18 batch: 2 cost: 33.3534190517 time: 18.9649951458
epoch: 18 batch: 3 cost: 29.8101256057 time: 18.4041669369
epoch: 18 batch: 4 cost: 28.2113518225 time: 17.4512820244
epoch: 18 batch: 5 cost: 28.6764901414 time: 18.9994821548
epoch: 18 batch: 6 cost: 26.2863358772 time: 19.2646169662
epoch: 18 batch: 7 cost: 28.0273437403 time: 17.1685659885
epoch: 18 batch: 8 cost: 32.6716973484 time: 18.6438500881
epoch: 18 batch: 9 cost: 32.6573881037 time: 18.3551871777
epoch: 18 batch: 10 cost: 29.7534063458 time: 18.8210740089
epoch: 18 batch: 11 cost: 33.9576930585 time: 18.4998378754
epoch: 18 batch: 12 cost: 33.8533405278 time: 17.6843688488
epoch: 18 batch: 13 cost: 28.2546070715 time: 19.9655199051
epoch: 18 batch: 14 cost: 30.1411256344 time: 18.8991758823
epoch: 18 batch: 15 cost: 28.2701404759 time: 20.2373569012
epoch: 18 batch: 16 cost: 27.7923386357 time: 18.3129639626
epoch: 18 batch: 17 cost: 32.7485065618 time: 19.28992486
epoch: 18 batch: 18 cost: 30.4308466779 time: 20.9657738209
epoch: 18 batch: 19 cost: 28.2962766925 time: 21.0351860523
epoch: 18 batch: 20 cost: 29.0455762644 time: 22.9096298218
epoch: 18 batch: 21 cost: 32.1777018521 time: 21.433549881
epoch: 18 batch: 22 cost: 26.0087433737 time: 15.9190220833
epoch: 18 batch: 23 cost: 30.8755554044 time: 14.9982128143
epoch: 18 batch: 24 cost: 29.3333973838 time: 16.2276139259
epoch: 18 batch: 25 cost: 17.9278510742 time: 0.323568820953
done with epoch 18, epoch cost = 765.042308465
epoch: 19 batch: 0 cost: 26.2304950585 time: 17.2812690735
epoch: 19 batch: 1 cost: 23.9253647698 time: 18.3707840443
epoch: 19 batch: 2 cost: 26.5177468174 time: 18.9304640293
epoch: 19 batch: 3 cost: 23.9058966712 time: 18.3650481701
epoch: 19 batch: 4 cost: 30.8363105071 time: 17.477558136
epoch: 19 batch: 5 cost: 32.4388499837 time: 19.04555583
epoch: 19 batch: 6 cost: 27.1245414897 time: 19.2366538048
epoch: 19 batch: 7 cost: 29.7150757732 time: 17.133384943
epoch: 19 batch: 8 cost: 35.7954071903 time: 18.6464631557
epoch: 19 batch: 9 cost: 33.8784408281 time: 18.3613789082
epoch: 19 batch: 10 cost: 32.3296138739 time: 18.8172500134
epoch: 19 batch: 11 cost: 35.4155161096 time: 18.5686168671
epoch: 19 batch: 12 cost: 34.2366984417 time: 17.6420128345
epoch: 19 batch: 13 cost: 30.8916839721 time: 19.9300229549
epoch: 19 batch: 14 cost: 33.5675910424 time: 18.9112401009
epoch: 19 batch: 15 cost: 32.046699904 time: 20.2237870693
epoch: 19 batch: 16 cost: 31.1952924402 time: 18.3453879356
epoch: 19 batch: 17 cost: 36.6591704462 time: 19.1980512142
epoch: 19 batch: 18 cost: 33.9722335364 time: 20.950152874
epoch: 19 batch: 19 cost: 30.9165919747 time: 20.9792160988
epoch: 19 batch: 20 cost: 31.7231936087 time: 22.8866472244
epoch: 19 batch: 21 cost: 33.7247261471 time: 21.472042799
epoch: 19 batch: 22 cost: 28.4333945305 time: 15.9581260681
epoch: 19 batch: 23 cost: 36.6094613754 time: 15.1019921303
epoch: 19 batch: 24 cost: 33.4695488269 time: 16.1771848202
epoch: 19 batch: 25 cost: 53.9928674709 time: 0.334597826004
done with epoch 19, epoch cost = 839.55241279
epoch: 20 batch: 0 cost: 23.2695042179 time: 17.3106620312
epoch: 20 batch: 1 cost: 26.4363429316 time: 18.3400990963
epoch: 20 batch: 2 cost: 30.1544717533 time: 18.9194221497
epoch: 20 batch: 3 cost: 26.8605641149 time: 18.4184641838
epoch: 20 batch: 4 cost: 28.9362976699 time: 17.4713521004
epoch: 20 batch: 5 cost: 30.1605875451 time: 19.0175130367
epoch: 20 batch: 6 cost: 27.0133282741 time: 19.2596709728
epoch: 20 batch: 7 cost: 28.9687872097 time: 17.0762341022
epoch: 20 batch: 8 cost: 35.0086149643 time: 18.6488258839
epoch: 20 batch: 9 cost: 34.5233170469 time: 18.2883489132
epoch: 20 batch: 10 cost: 30.3337956116 time: 18.7857220173
epoch: 20 batch: 11 cost: 34.88027665 time: 18.5453929901
epoch: 20 batch: 12 cost: 34.454431029 time: 17.6754109859
epoch: 20 batch: 13 cost: 28.5604631772 time: 19.9401810169
epoch: 20 batch: 14 cost: 30.7107329887 time: 18.942512989
epoch: 20 batch: 15 cost: 29.0021974224 time: 20.1746380329
epoch: 20 batch: 16 cost: 28.2315659066 time: 18.3495330811
epoch: 20 batch: 17 cost: 33.6871806073 time: 19.2316548824
epoch: 20 batch: 18 cost: 30.4891402744 time: 20.9693670273
epoch: 20 batch: 19 cost: 28.4847796045 time: 21.0099611282
epoch: 20 batch: 20 cost: 28.8640162137 time: 22.8966050148
epoch: 20 batch: 21 cost: 31.9117296699 time: 21.4520289898
epoch: 20 batch: 22 cost: 25.9139711111 time: 15.9585430622
epoch: 20 batch: 23 cost: 31.1121528542 time: 15.0295109749
epoch: 20 batch: 24 cost: 29.631485217 time: 16.1926760674
epoch: 20 batch: 25 cost: 23.0150088435 time: 0.319290161133
done with epoch 20, epoch cost = 770.614742909
(6780, 100)
(472, 100)
train acc = 0.990855457227, val acc = 0.417372881356
Micro Averaged:
0.417372881356
0.417372881356
0.417372881356
Macro Averaged:
0.263533130343
0.164980285057
0.186773743261
epoch: 21 batch: 0 cost: 23.8122202616 time: 17.2375659943
epoch: 21 batch: 1 cost: 28.7092574724 time: 18.2945699692
epoch: 21 batch: 2 cost: 31.7948345084 time: 18.9007389545
epoch: 21 batch: 3 cost: 28.4804268837 time: 18.3253729343
epoch: 21 batch: 4 cost: 28.1046228942 time: 17.4557209015
epoch: 21 batch: 5 cost: 27.6459771695 time: 18.9625780582
epoch: 21 batch: 6 cost: 25.4476420618 time: 19.2454369068
epoch: 21 batch: 7 cost: 27.1409417618 time: 17.0517361164
epoch: 21 batch: 8 cost: 31.4833154871 time: 18.6194050312
epoch: 21 batch: 9 cost: 31.6107693975 time: 18.2660689354
epoch: 21 batch: 10 cost: 28.6429998504 time: 18.7556889057
epoch: 21 batch: 11 cost: 33.0092054222 time: 18.4685528278
epoch: 21 batch: 12 cost: 32.7716497007 time: 17.6637167931
epoch: 21 batch: 13 cost: 27.0785568013 time: 19.8742039204
epoch: 21 batch: 14 cost: 29.2283301488 time: 18.8486890793
epoch: 21 batch: 15 cost: 27.3693934738 time: 20.21570611
epoch: 21 batch: 16 cost: 26.5184022825 time: 18.2492370605
epoch: 21 batch: 17 cost: 31.7413039331 time: 19.1848459244
epoch: 21 batch: 18 cost: 29.4704359314 time: 20.8940968513
epoch: 21 batch: 19 cost: 27.6450466327 time: 20.9802060127
epoch: 21 batch: 20 cost: 27.991894127 time: 22.843198061
epoch: 21 batch: 21 cost: 30.7227971186 time: 21.3844919205
epoch: 21 batch: 22 cost: 24.9847189481 time: 15.9557640553
epoch: 21 batch: 23 cost: 29.6816696542 time: 15.0290429592
epoch: 21 batch: 24 cost: 28.1374798709 time: 16.1866807938
epoch: 21 batch: 25 cost: 17.4161298494 time: 0.322997093201
done with epoch 21, epoch cost = 736.640021643
epoch: 22 batch: 0 cost: 24.364295238 time: 17.2761089802
epoch: 22 batch: 1 cost: 22.0015994383 time: 18.2590839863
epoch: 22 batch: 2 cost: 25.9374556699 time: 18.9117610455
epoch: 22 batch: 3 cost: 23.4164337973 time: 18.3700459003
epoch: 22 batch: 4 cost: 30.1009346983 time: 17.3996858597
epoch: 22 batch: 5 cost: 31.0494291974 time: 18.894080162
epoch: 22 batch: 6 cost: 26.3477831566 time: 19.2288761139
epoch: 22 batch: 7 cost: 28.3718729635 time: 17.1226279736
epoch: 22 batch: 8 cost: 33.3978981173 time: 18.6252369881
epoch: 22 batch: 9 cost: 32.2408566455 time: 18.3348419666
epoch: 22 batch: 10 cost: 30.5487372902 time: 18.7632880211
epoch: 22 batch: 11 cost: 34.3041852061 time: 18.530395031
epoch: 22 batch: 12 cost: 33.9118386944 time: 17.6799390316
epoch: 22 batch: 13 cost: 29.7453039107 time: 19.9339048862
epoch: 22 batch: 14 cost: 31.6118888976 time: 18.8600640297
epoch: 22 batch: 15 cost: 30.9195707595 time: 20.2590668201
epoch: 22 batch: 16 cost: 30.1331106735 time: 18.2792019844
epoch: 22 batch: 17 cost: 35.6649074459 time: 19.155246973
epoch: 22 batch: 18 cost: 33.194762703 time: 20.9006121159
epoch: 22 batch: 19 cost: 30.3689106357 time: 20.9838368893
epoch: 22 batch: 20 cost: 30.1378951171 time: 22.8489019871
epoch: 22 batch: 21 cost: 33.3265162706 time: 21.4023220539
epoch: 22 batch: 22 cost: 27.7516447938 time: 15.8991210461
epoch: 22 batch: 23 cost: 34.3328353029 time: 15.0432071686
epoch: 22 batch: 24 cost: 32.8661690474 time: 16.1800670624
epoch: 22 batch: 25 cost: 53.5866962312 time: 0.332511901855
done with epoch 22, epoch cost = 809.633531902
epoch: 23 batch: 0 cost: 22.5448976329 time: 17.2876698971
epoch: 23 batch: 1 cost: 26.1788375892 time: 18.3779189587
epoch: 23 batch: 2 cost: 29.6729820923 time: 18.9294958115
epoch: 23 batch: 3 cost: 26.1594493603 time: 18.3093321323
epoch: 23 batch: 4 cost: 28.995325176 time: 17.4854240417
epoch: 23 batch: 5 cost: 28.9641787943 time: 19.0396039486
epoch: 23 batch: 6 cost: 25.3988846737 time: 19.1991081238
epoch: 23 batch: 7 cost: 27.7776511541 time: 17.0917811394
epoch: 23 batch: 8 cost: 33.7790510844 time: 18.6140859127
epoch: 23 batch: 9 cost: 33.3977974394 time: 18.2804441452
epoch: 23 batch: 10 cost: 29.1143292828 time: 18.767054081
epoch: 23 batch: 11 cost: 33.4757272512 time: 18.5315380096
epoch: 23 batch: 12 cost: 33.0809124588 time: 17.7282309532
epoch: 23 batch: 13 cost: 27.3993454816 time: 19.8781878948
epoch: 23 batch: 14 cost: 28.9314008295 time: 18.9169039726
epoch: 23 batch: 15 cost: 28.0124807358 time: 20.1856789589
epoch: 23 batch: 16 cost: 27.0707814006 time: 18.2249779701
epoch: 23 batch: 17 cost: 32.3669528235 time: 19.27252388
epoch: 23 batch: 18 cost: 30.1116032713 time: 20.8876760006
epoch: 23 batch: 19 cost: 28.2281757632 time: 20.9618909359
epoch: 23 batch: 20 cost: 28.0783001484 time: 22.8424961567
epoch: 23 batch: 21 cost: 30.637837074 time: 21.4255509377
epoch: 23 batch: 22 cost: 25.1756262814 time: 15.9115169048
epoch: 23 batch: 23 cost: 29.9055161617 time: 15.0641560555
epoch: 23 batch: 24 cost: 29.1528457655 time: 16.1878800392
epoch: 23 batch: 25 cost: 25.5543857589 time: 0.32452917099
done with epoch 23, epoch cost = 749.165275485
epoch: 24 batch: 0 cost: 22.8277987588 time: 17.3148019314
epoch: 24 batch: 1 cost: 27.4759756506 time: 18.2617759705
epoch: 24 batch: 2 cost: 30.8146702584 time: 18.9471540451
epoch: 24 batch: 3 cost: 27.1413974203 time: 18.3872489929
epoch: 24 batch: 4 cost: 27.558103043 time: 17.4168000221
epoch: 24 batch: 5 cost: 26.9531457722 time: 18.9256350994
epoch: 24 batch: 6 cost: 24.6740857083 time: 19.2130460739
epoch: 24 batch: 7 cost: 26.2112177141 time: 17.1102929115
epoch: 24 batch: 8 cost: 30.4787064996 time: 18.611549139
epoch: 24 batch: 9 cost: 31.1577548707 time: 18.285859108
epoch: 24 batch: 10 cost: 27.6333389608 time: 18.7954351902
epoch: 24 batch: 11 cost: 31.9375719867 time: 18.5089280605
epoch: 24 batch: 12 cost: 31.704247082 time: 17.7527720928
epoch: 24 batch: 13 cost: 26.3510433626 time: 19.9379041195
epoch: 24 batch: 14 cost: 28.0768751971 time: 18.8626070023
epoch: 24 batch: 15 cost: 26.6320138499 time: 20.1602530479
epoch: 24 batch: 16 cost: 25.8845521643 time: 18.2600800991
epoch: 24 batch: 17 cost: 30.829492291 time: 19.1352279186
epoch: 24 batch: 18 cost: 28.7922768293 time: 20.8319051266
epoch: 24 batch: 19 cost: 27.0402943576 time: 20.8817980289
epoch: 24 batch: 20 cost: 27.4156559912 time: 22.9058010578
epoch: 24 batch: 21 cost: 30.0660924535 time: 21.3753700256
epoch: 24 batch: 22 cost: 24.3996121945 time: 15.9155330658
epoch: 24 batch: 23 cost: 28.7374123309 time: 15.0428829193
epoch: 24 batch: 24 cost: 27.9963140882 time: 16.1931598186
epoch: 24 batch: 25 cost: 19.0125754824 time: 0.315990924835
done with epoch 24, epoch cost = 717.802224318
epoch: 25 batch: 0 cost: 23.3254668286 time: 17.3113288879
epoch: 25 batch: 1 cost: 21.4304939515 time: 18.2417171001
epoch: 25 batch: 2 cost: 25.2290864169 time: 18.8639090061
epoch: 25 batch: 3 cost: 22.9802895206 time: 18.3664500713
epoch: 25 batch: 4 cost: 29.6715400308 time: 17.406126976
epoch: 25 batch: 5 cost: 29.7598492067 time: 18.9767808914
epoch: 25 batch: 6 cost: 25.67109026 time: 19.2263419628
epoch: 25 batch: 7 cost: 27.1273217703 time: 17.0590741634
epoch: 25 batch: 8 cost: 32.7049692952 time: 18.589936018
epoch: 25 batch: 9 cost: 31.2730169119 time: 18.2844679356
epoch: 25 batch: 10 cost: 28.7282663666 time: 18.7346920967
epoch: 25 batch: 11 cost: 32.945283612 time: 18.4165840149
epoch: 25 batch: 12 cost: 32.7561470562 time: 17.6668350697
epoch: 25 batch: 13 cost: 28.2795814657 time: 19.8809039593
epoch: 25 batch: 14 cost: 30.508487927 time: 18.8794269562
epoch: 25 batch: 15 cost: 29.8301483721 time: 20.1840620041
epoch: 25 batch: 16 cost: 28.4938591928 time: 18.2659020424
epoch: 25 batch: 17 cost: 34.1658749742 time: 19.1682059765
epoch: 25 batch: 18 cost: 32.3148873669 time: 20.9342448711
epoch: 25 batch: 19 cost: 28.9609861656 time: 20.8602240086
epoch: 25 batch: 20 cost: 29.2462558937 time: 22.7826302052
epoch: 25 batch: 21 cost: 31.3980990747 time: 21.3682022095
epoch: 25 batch: 22 cost: 26.4586673026 time: 15.9672698975
epoch: 25 batch: 23 cost: 33.816102786 time: 15.0828490257
epoch: 25 batch: 24 cost: 31.8275310054 time: 16.1422638893
epoch: 25 batch: 25 cost: 54.6307231219 time: 0.315728187561
done with epoch 25, epoch cost = 783.534025876
epoch: 26 batch: 0 cost: 22.5200057662 time: 17.243885994
epoch: 26 batch: 1 cost: 25.789823587 time: 18.2282700539
epoch: 26 batch: 2 cost: 29.6735626828 time: 18.8742570877
epoch: 26 batch: 3 cost: 25.6982371653 time: 18.4383711815
epoch: 26 batch: 4 cost: 28.7173908645 time: 17.4242520332
epoch: 26 batch: 5 cost: 28.4740670572 time: 18.9942259789
epoch: 26 batch: 6 cost: 25.0762462587 time: 19.2224450111
epoch: 26 batch: 7 cost: 27.0234042312 time: 17.135035038
epoch: 26 batch: 8 cost: 32.3754972326 time: 18.6130449772
epoch: 26 batch: 9 cost: 32.597315865 time: 18.2517859936
epoch: 26 batch: 10 cost: 28.1029590911 time: 18.7654759884
epoch: 26 batch: 11 cost: 33.028991876 time: 18.4714519978
epoch: 26 batch: 12 cost: 32.1862391881 time: 17.6145927906
epoch: 26 batch: 13 cost: 26.644127198 time: 19.935685873
epoch: 26 batch: 14 cost: 28.3500266068 time: 18.882240057
epoch: 26 batch: 15 cost: 26.9428966433 time: 20.1704099178
epoch: 26 batch: 16 cost: 26.2457642244 time: 18.2494120598
epoch: 26 batch: 17 cost: 31.5644967242 time: 19.1047530174
epoch: 26 batch: 18 cost: 29.4297496397 time: 20.9424190521
epoch: 26 batch: 19 cost: 27.6151575029 time: 20.911356926
epoch: 26 batch: 20 cost: 27.4926448534 time: 22.896214962
epoch: 26 batch: 21 cost: 29.9159272792 time: 21.3623430729
epoch: 26 batch: 22 cost: 24.5751469039 time: 15.9043838978
epoch: 26 batch: 23 cost: 29.2013957568 time: 15.0672740936
epoch: 26 batch: 24 cost: 28.564139516 time: 16.2282648087
epoch: 26 batch: 25 cost: 25.1512381693 time: 0.31584405899
done with epoch 26, epoch cost = 732.956451883
epoch: 27 batch: 0 cost: 21.6409072919 time: 17.2417988777
epoch: 27 batch: 1 cost: 26.1742410278 time: 18.3029739857
epoch: 27 batch: 2 cost: 30.0111959438 time: 18.9198870659
epoch: 27 batch: 3 cost: 26.4290455907 time: 18.4033219814
epoch: 27 batch: 4 cost: 27.3502020644 time: 17.4386978149
epoch: 27 batch: 5 cost: 26.3437005613 time: 18.9085969925
epoch: 27 batch: 6 cost: 24.0928928122 time: 19.1869421005
epoch: 27 batch: 7 cost: 26.0716703895 time: 17.1239850521
epoch: 27 batch: 8 cost: 29.5828583255 time: 18.6739480495
epoch: 27 batch: 9 cost: 30.259043354 time: 18.3139519691
epoch: 27 batch: 10 cost: 27.0252741596 time: 18.7043590546
epoch: 27 batch: 11 cost: 31.5005520985 time: 18.4542818069
epoch: 27 batch: 12 cost: 30.8562796014 time: 17.6602051258
epoch: 27 batch: 13 cost: 25.5811566708 time: 19.9068660736
epoch: 27 batch: 14 cost: 27.3425362396 time: 18.8225688934
epoch: 27 batch: 15 cost: 25.7415257952 time: 20.1912109852
epoch: 27 batch: 16 cost: 25.0933024333 time: 18.265307188
epoch: 27 batch: 17 cost: 29.8980358969 time: 19.2173390388
epoch: 27 batch: 18 cost: 27.9377564628 time: 20.9278290272
epoch: 27 batch: 19 cost: 26.4262333462 time: 20.8969089985
epoch: 27 batch: 20 cost: 26.6031118309 time: 22.7773189545
epoch: 27 batch: 21 cost: 29.2152754726 time: 21.3823320866
epoch: 27 batch: 22 cost: 23.8687888364 time: 15.9524419308
epoch: 27 batch: 23 cost: 28.3329119033 time: 15.0406680107
epoch: 27 batch: 24 cost: 27.3018098531 time: 16.2007918358
epoch: 27 batch: 25 cost: 20.0984033142 time: 0.324224948883
done with epoch 27, epoch cost = 700.778711276
epoch: 28 batch: 0 cost: 22.5134639515 time: 17.2447648048
epoch: 28 batch: 1 cost: 20.6301939513 time: 18.2390809059
epoch: 28 batch: 2 cost: 24.1762662893 time: 18.8978178501
epoch: 28 batch: 3 cost: 21.8779265669 time: 18.3197891712
epoch: 28 batch: 4 cost: 28.9801328803 time: 17.4684410095
epoch: 28 batch: 5 cost: 29.2774872895 time: 18.9325778484
epoch: 28 batch: 6 cost: 24.8807980149 time: 19.179844141
epoch: 28 batch: 7 cost: 26.2595649096 time: 17.1146428585
epoch: 28 batch: 8 cost: 31.3479762157 time: 18.6468119621
epoch: 28 batch: 9 cost: 30.7878639961 time: 18.244989872
epoch: 28 batch: 10 cost: 27.9470974588 time: 18.7916269302
epoch: 28 batch: 11 cost: 31.939600607 time: 18.4829330444
epoch: 28 batch: 12 cost: 31.8692209315 time: 17.7198839188
epoch: 28 batch: 13 cost: 27.318387023 time: 19.8777830601
epoch: 28 batch: 14 cost: 29.4896323375 time: 18.8698279858
epoch: 28 batch: 15 cost: 28.7137323432 time: 20.1650669575
epoch: 28 batch: 16 cost: 27.6219505545 time: 18.1392240524
epoch: 28 batch: 17 cost: 33.3674418706 time: 19.2401390076
epoch: 28 batch: 18 cost: 31.5711603564 time: 20.8754069805
epoch: 28 batch: 19 cost: 28.5610521735 time: 20.9060690403
epoch: 28 batch: 20 cost: 28.8796894191 time: 22.8396801949
epoch: 28 batch: 21 cost: 31.1417260243 time: 21.3157849312
epoch: 28 batch: 22 cost: 25.9074909648 time: 15.9045171738
epoch: 28 batch: 23 cost: 32.863515727 time: 15.0475809574
epoch: 28 batch: 24 cost: 31.2275097943 time: 16.205067873
epoch: 28 batch: 25 cost: 48.7435045635 time: 0.322404146194
done with epoch 28, epoch cost = 757.894386214
epoch: 29 batch: 0 cost: 22.3579934951 time: 17.2692761421
epoch: 29 batch: 1 cost: 25.2892847281 time: 18.2039339542
epoch: 29 batch: 2 cost: 29.0563891375 time: 18.93927598
epoch: 29 batch: 3 cost: 25.0813610028 time: 18.2968189716
epoch: 29 batch: 4 cost: 27.7185586568 time: 17.3707520962
epoch: 29 batch: 5 cost: 27.4156303486 time: 18.9158940315
epoch: 29 batch: 6 cost: 24.3224934044 time: 19.1580889225
epoch: 29 batch: 7 cost: 26.3330771847 time: 17.0442090034
epoch: 29 batch: 8 cost: 31.2566343807 time: 18.6025528908
epoch: 29 batch: 9 cost: 31.6576367166 time: 18.2398760319
epoch: 29 batch: 10 cost: 27.6313472647 time: 18.7354710102
epoch: 29 batch: 11 cost: 31.9544788349 time: 18.4136087894
epoch: 29 batch: 12 cost: 31.2834299701 time: 17.7153990269
epoch: 29 batch: 13 cost: 26.1609500421 time: 19.8533489704
epoch: 29 batch: 14 cost: 27.6225475187 time: 18.8251340389
epoch: 29 batch: 15 cost: 26.3031892945 time: 20.1931347847
epoch: 29 batch: 16 cost: 25.701483325 time: 18.1818900108
epoch: 29 batch: 17 cost: 30.6680627204 time: 19.1312868595
epoch: 29 batch: 18 cost: 28.2857269764 time: 20.913921833
epoch: 29 batch: 19 cost: 26.7175451559 time: 20.9241631031
epoch: 29 batch: 20 cost: 26.7438259473 time: 22.7285809517
epoch: 29 batch: 21 cost: 29.1160142999 time: 21.3822860718
epoch: 29 batch: 22 cost: 23.5971162051 time: 15.9411580563
epoch: 29 batch: 23 cost: 28.4795756929 time: 15.0664789677
epoch: 29 batch: 24 cost: 27.7942541513 time: 16.1901390553
epoch: 29 batch: 25 cost: 25.7389705643 time: 0.32377409935
done with epoch 29, epoch cost = 714.287577019
(6780, 100)
(472, 100)
train acc = 0.993805309735, val acc = 0.438559322034
Micro Averaged:
0.438559322034
0.438559322034
0.438559322034
Macro Averaged:
0.273170104749
0.176072158921
0.199048667734
